{
  "RSpec": {
    "coverage": {
      "/Users/andrewshenstone/Dropbox/Ruby on Rails Silver course/Code/FanVoice/app/models/user.rb": [
        1,
        null,
        null,
        null,
        1,
        null,
        null,
        null,
        null,
        null,
        1,
        1,
        1,
        13,
        null,
        null,
        null
      ],
      "/Users/andrewshenstone/Dropbox/Ruby on Rails Silver course/Code/FanVoice/app/controllers/application_controller.rb": [
        1,
        1,
        1,
        null,
        1,
        17,
        17,
        0,
        0,
        null,
        null,
        null
      ],
      "/Users/andrewshenstone/Dropbox/Ruby on Rails Silver course/Code/FanVoice/app/helpers/application_helper.rb": [
        1,
        1,
        27,
        null,
        null
      ],
      "/Users/andrewshenstone/Dropbox/Ruby on Rails Silver course/Code/FanVoice/app/helpers/admin/users_helper.rb": [
        1,
        null
      ],
      "/Users/andrewshenstone/Dropbox/Ruby on Rails Silver course/Code/FanVoice/app/helpers/characters_helper.rb": [
        1,
        null
      ],
      "/Users/andrewshenstone/Dropbox/Ruby on Rails Silver course/Code/FanVoice/app/helpers/source_materials_helper.rb": [
        1,
        null
      ],
      "/Users/andrewshenstone/Dropbox/Ruby on Rails Silver course/Code/FanVoice/app/controllers/admin/base_controller.rb": [
        1,
        1,
        1,
        null,
        null
      ],
      "/Users/andrewshenstone/Dropbox/Ruby on Rails Silver course/Code/FanVoice/app/controllers/admin/users_controller.rb": [
        1,
        1,
        null,
        1,
        5,
        null,
        1,
        null,
        1,
        0,
        null,
        1,
        0,
        0,
        0,
        0,
        null,
        0,
        0,
        null,
        null,
        1,
        null,
        1,
        3,
        3,
        3,
        3,
        null,
        3,
        2,
        2,
        null,
        1,
        1,
        null,
        null,
        null,
        1,
        1,
        9,
        null,
        null
      ],
      "/Users/andrewshenstone/Dropbox/Ruby on Rails Silver course/Code/FanVoice/app/controllers/characters_controller.rb": [
        1,
        null,
        1,
        1,
        1,
        null,
        null,
        null,
        1,
        0,
        null,
        null,
        null,
        1,
        null,
        null,
        null,
        1,
        0,
        null,
        null,
        null,
        1,
        null,
        null,
        null,
        1,
        0,
        0,
        null,
        0,
        0,
        0,
        null,
        0,
        0,
        null,
        null,
        null,
        null,
        1,
        null,
        0,
        0,
        0,
        null,
        0,
        0,
        null,
        null,
        null,
        null,
        1,
        0,
        0,
        0,
        null,
        null,
        1,
        null,
        1,
        0,
        null,
        1,
        0,
        null,
        null
      ],
      "/Users/andrewshenstone/Dropbox/Ruby on Rails Silver course/Code/FanVoice/app/models/character.rb": [
        1,
        1,
        null,
        1,
        1,
        null,
        1,
        1,
        1,
        null
      ],
      "/Users/andrewshenstone/Dropbox/Ruby on Rails Silver course/Code/FanVoice/app/controllers/source_materials_controller.rb": [
        1,
        1,
        1,
        null,
        1,
        6,
        null,
        null,
        1,
        0,
        null,
        null,
        1,
        0,
        0,
        0,
        0,
        null,
        0,
        0,
        null,
        null,
        null,
        1,
        null,
        null,
        null,
        1,
        null,
        null,
        null,
        1,
        0,
        0,
        0,
        null,
        0,
        0,
        null,
        null,
        null,
        1,
        0,
        0,
        0,
        null,
        null,
        null,
        null,
        1,
        null,
        1,
        0,
        null,
        null,
        null,
        null
      ],
      "/Users/andrewshenstone/Dropbox/Ruby on Rails Silver course/Code/FanVoice/app/models/source_material.rb": [
        1,
        1,
        1,
        null,
        1,
        1,
        1,
        null
      ]
    },
    "timestamp": 1369779493
  }
}
