{
  "RSpec": {
    "coverage": {
      "/Users/andrewshenstone/Dropbox/Ruby on Rails Silver course/Code/FanVoice/app/models/user.rb": [
        1,
        null,
        null,
        null,
        1,
        null,
        null,
        null,
        null,
        1,
        null,
        null
      ],
      "/Users/andrewshenstone/Dropbox/Ruby on Rails Silver course/Code/FanVoice/app/controllers/application_controller.rb": [
        1,
        1,
        null
      ],
      "/Users/andrewshenstone/Dropbox/Ruby on Rails Silver course/Code/FanVoice/app/helpers/application_helper.rb": [
        1,
        null
      ],
      "/Users/andrewshenstone/Dropbox/Ruby on Rails Silver course/Code/FanVoice/app/helpers/characters_helper.rb": [
        1,
        null
      ],
      "/Users/andrewshenstone/Dropbox/Ruby on Rails Silver course/Code/FanVoice/app/helpers/source_materials_helper.rb": [
        1,
        null
      ],
      "/Users/andrewshenstone/Dropbox/Ruby on Rails Silver course/Code/FanVoice/app/controllers/characters_controller.rb": [
        1,
        null,
        null,
        1,
        1,
        1,
        null,
        null,
        null,
        1,
        0,
        null,
        null,
        null,
        null,
        1,
        null,
        null,
        null,
        null,
        null,
        1,
        2,
        null,
        null,
        null,
        1,
        null,
        null,
        null,
        null,
        1,
        0,
        0,
        null,
        0,
        0,
        0,
        0,
        null,
        0,
        0,
        null,
        null,
        null,
        null,
        null,
        null,
        1,
        null,
        0,
        0,
        0,
        0,
        null,
        0,
        0,
        null,
        null,
        null,
        null,
        null,
        null,
        1,
        0,
        null,
        0,
        0,
        0,
        null,
        null,
        null,
        1,
        1,
        2,
        null,
        1,
        0,
        null,
        null
      ],
      "/Users/andrewshenstone/Dropbox/Ruby on Rails Silver course/Code/FanVoice/app/models/character.rb": [
        1,
        1,
        1,
        1,
        1,
        1,
        1,
        null,
        null,
        null
      ],
      "/Users/andrewshenstone/Dropbox/Ruby on Rails Silver course/Code/FanVoice/app/controllers/source_materials_controller.rb": [
        1,
        1,
        null,
        1,
        2,
        null,
        null,
        1,
        0,
        null,
        null,
        1,
        0,
        0,
        0,
        0,
        null,
        0,
        0,
        null,
        null,
        null,
        1,
        null,
        null,
        null,
        1,
        null,
        null,
        null,
        1,
        0,
        0,
        0,
        null,
        0,
        0,
        null,
        null,
        null,
        1,
        0,
        0,
        0,
        null,
        null,
        null,
        null,
        1,
        1,
        2,
        null,
        null
      ],
      "/Users/andrewshenstone/Dropbox/Ruby on Rails Silver course/Code/FanVoice/app/models/source_material.rb": [
        1,
        1,
        1,
        null,
        1,
        1,
        1,
        null
      ]
    },
    "timestamp": 1369629538
  }
}
